2019-03-18 20:45:53,750 INFO 37126 [egg:logger] init all loggers with options: {"dir":"/Users/wangyi/node/yoo/wx/logs/cloud-server","encoding":"utf8","env":"local","level":"INFO","consoleLevel":"INFO","disableConsoleAfterReady":false,"outputJSON":false,"buffer":true,"appLogName":"cloud-server-web.log","coreLogName":"egg-web.log","agentLogName":"egg-agent.log","errorLogName":"common-error.log","coreLogger":{"consoleLevel":"WARN"},"allowDebugAtProd":false,"type":"application"}
2019-03-18 20:45:53,791 INFO 37126 [egg-multipart] stream mode enable
2019-03-18 20:45:54,351 INFO 37126 [egg-static] starting static serve /public/ -> /Users/wangyi/node/yoo/wx/upload
2019-03-18 20:45:54,352 INFO 37126 [egg-static] starting static serve /public/ -> /Users/wangyi/node/yoo/wx/app/public
2019-03-18 20:45:54,354 INFO 37126 [egg-security] use methodnoallow middleware
2019-03-18 20:45:54,354 INFO 37126 [egg-security] use noopen middleware
2019-03-18 20:45:54,355 INFO 37126 [egg-security] use nosniff middleware
2019-03-18 20:45:54,356 INFO 37126 [egg-security] use xssProtection middleware
2019-03-18 20:45:54,357 INFO 37126 [egg-security] use xframe middleware
2019-03-18 20:45:54,357 INFO 37126 [egg-security] use dta middleware
2019-03-18 20:45:54,357 INFO 37126 [egg-security] compose 6 middlewares into one security middleware
2019-03-18 20:45:54,429 INFO 37126 [egg:core] dump config after load, 5ms
2019-03-18 20:45:54,447 INFO 37126 [egg-watcher:application] watcher start success
2019-03-18 20:45:54,459 INFO 37126 [egg:core] dump config after ready, 6ms
2019-03-18 20:45:58,246 INFO 37126 [egg-view-nunjucks] loading templates from ["/Users/wangyi/node/yoo/wx/app/view"]
2019-03-18 20:48:06,753 INFO 37146 [egg:logger] init all loggers with options: {"dir":"/Users/wangyi/node/yoo/wx/logs/cloud-server","encoding":"utf8","env":"local","level":"INFO","consoleLevel":"INFO","disableConsoleAfterReady":false,"outputJSON":false,"buffer":true,"appLogName":"cloud-server-web.log","coreLogName":"egg-web.log","agentLogName":"egg-agent.log","errorLogName":"common-error.log","coreLogger":{"consoleLevel":"WARN"},"allowDebugAtProd":false,"type":"application"}
2019-03-18 20:48:06,788 INFO 37146 [egg-multipart] stream mode enable
2019-03-18 20:48:07,390 INFO 37146 [egg-static] starting static serve /public/ -> /Users/wangyi/node/yoo/wx/upload
2019-03-18 20:48:07,391 INFO 37146 [egg-static] starting static serve /public/ -> /Users/wangyi/node/yoo/wx/app/public
2019-03-18 20:48:07,393 INFO 37146 [egg-security] use methodnoallow middleware
2019-03-18 20:48:07,393 INFO 37146 [egg-security] use noopen middleware
2019-03-18 20:48:07,394 INFO 37146 [egg-security] use nosniff middleware
2019-03-18 20:48:07,395 INFO 37146 [egg-security] use xssProtection middleware
2019-03-18 20:48:07,396 INFO 37146 [egg-security] use xframe middleware
2019-03-18 20:48:07,396 INFO 37146 [egg-security] use dta middleware
2019-03-18 20:48:07,396 INFO 37146 [egg-security] compose 6 middlewares into one security middleware
2019-03-18 20:48:07,469 INFO 37146 [egg:core] dump config after load, 4ms
2019-03-18 20:48:07,485 INFO 37146 [egg-watcher:application] watcher start success
2019-03-18 20:48:07,491 INFO 37146 [egg:core] dump config after ready, 4ms
2019-03-18 20:48:58,854 INFO 37157 [egg:logger] init all loggers with options: {"dir":"/Users/wangyi/node/yoo/wx/logs/cloud-server","encoding":"utf8","env":"local","level":"INFO","consoleLevel":"INFO","disableConsoleAfterReady":false,"outputJSON":false,"buffer":true,"appLogName":"cloud-server-web.log","coreLogName":"egg-web.log","agentLogName":"egg-agent.log","errorLogName":"common-error.log","coreLogger":{"consoleLevel":"WARN"},"allowDebugAtProd":false,"type":"application"}
2019-03-18 20:48:58,882 INFO 37157 [egg-multipart] stream mode enable
2019-03-18 20:48:59,132 INFO 37157 [egg-static] starting static serve /public/ -> /Users/wangyi/node/yoo/wx/upload
2019-03-18 20:48:59,133 INFO 37157 [egg-static] starting static serve /public/ -> /Users/wangyi/node/yoo/wx/app/public
2019-03-18 20:48:59,134 INFO 37157 [egg-security] use methodnoallow middleware
2019-03-18 20:48:59,134 INFO 37157 [egg-security] use noopen middleware
2019-03-18 20:48:59,134 INFO 37157 [egg-security] use nosniff middleware
2019-03-18 20:48:59,135 INFO 37157 [egg-security] use xssProtection middleware
2019-03-18 20:48:59,135 INFO 37157 [egg-security] use xframe middleware
2019-03-18 20:48:59,135 INFO 37157 [egg-security] use dta middleware
2019-03-18 20:48:59,135 INFO 37157 [egg-security] compose 6 middlewares into one security middleware
2019-03-18 20:48:59,170 INFO 37157 [egg:core] dump config after load, 4ms
2019-03-18 20:48:59,185 INFO 37157 [egg-watcher:application] watcher start success
2019-03-18 20:48:59,191 INFO 37157 [egg:core] dump config after ready, 4ms
2019-03-18 20:57:30,029 INFO 37157 [egg-view-nunjucks] loading templates from ["/Users/wangyi/node/yoo/wx/app/view"]
2019-03-18 20:58:03,773 INFO 37189 [egg:logger] init all loggers with options: {"dir":"/Users/wangyi/node/yoo/wx/logs/cloud-server","encoding":"utf8","env":"local","level":"INFO","consoleLevel":"INFO","disableConsoleAfterReady":false,"outputJSON":false,"buffer":true,"appLogName":"cloud-server-web.log","coreLogName":"egg-web.log","agentLogName":"egg-agent.log","errorLogName":"common-error.log","coreLogger":{"consoleLevel":"WARN"},"allowDebugAtProd":false,"type":"application"}
2019-03-18 20:58:03,809 INFO 37189 [egg-multipart] stream mode enable
2019-03-18 20:58:04,478 INFO 37189 [egg-static] starting static serve /public/ -> /Users/wangyi/node/yoo/wx/upload
2019-03-18 20:58:04,479 INFO 37189 [egg-static] starting static serve /public/ -> /Users/wangyi/node/yoo/wx/app/public
2019-03-18 20:58:04,481 INFO 37189 [egg-security] use methodnoallow middleware
2019-03-18 20:58:04,482 INFO 37189 [egg-security] use noopen middleware
2019-03-18 20:58:04,483 INFO 37189 [egg-security] use nosniff middleware
2019-03-18 20:58:04,484 INFO 37189 [egg-security] use xssProtection middleware
2019-03-18 20:58:04,485 INFO 37189 [egg-security] use xframe middleware
2019-03-18 20:58:04,486 INFO 37189 [egg-security] use dta middleware
2019-03-18 20:58:04,486 INFO 37189 [egg-security] compose 6 middlewares into one security middleware
2019-03-18 20:58:04,570 INFO 37189 [egg:core] dump config after load, 5ms
2019-03-18 20:58:04,587 INFO 37189 [egg-watcher:application] watcher start success
2019-03-18 20:58:04,601 INFO 37189 [egg:core] dump config after ready, 12ms
2019-03-18 21:59:07,081 WARN 37189 [ClusterClient:Watcher] follower closed, and try to init it again
2019-03-18 22:04:50,031 WARN 37189 [ClusterClient:Watcher] follower closed, and try to init it again
2019-03-18 22:10:12,987 WARN 37189 [TCPBase] socket is closed by other side while there were still unhandled data in the socket buffer
2019-03-18 22:10:12,987 WARN 37189 [ClusterClient:Watcher] follower closed, and try to init it again
2019-03-18 22:15:55,980 WARN 37189 [ClusterClient:Watcher] follower closed, and try to init it again
2019-03-18 22:21:38,944 WARN 37189 [TCPBase] socket is closed by other side while there were still unhandled data in the socket buffer
2019-03-18 22:21:38,945 WARN 37189 [ClusterClient:Watcher] follower closed, and try to init it again
2019-03-18 22:27:21,926 WARN 37189 [ClusterClient:Watcher] follower closed, and try to init it again
2019-03-18 23:02:57,747 WARN 37189 [ClusterClient:Watcher] follower closed, and try to init it again
2019-03-18 23:08:40,806 WARN 37189 [ClusterClient:Watcher] follower closed, and try to init it again
2019-03-18 23:14:23,816 WARN 37189 [ClusterClient:Watcher] follower closed, and try to init it again
2019-03-18 23:19:46,763 WARN 37189 [ClusterClient:Watcher] follower closed, and try to init it again
2019-03-18 23:25:29,732 WARN 37189 [ClusterClient:Watcher] follower closed, and try to init it again
2019-03-18 23:31:12,689 WARN 37189 [ClusterClient:Watcher] follower closed, and try to init it again
2019-03-18 23:40:54,123 WARN 37189 [TCPBase] socket is closed by other side while there were still unhandled data in the socket buffer
2019-03-18 23:40:54,124 WARN 37189 [ClusterClient:Watcher] follower closed, and try to init it again
2019-03-19 01:41:52,925 WARN 37189 [ClusterClient:Watcher] follower closed, and try to init it again
2019-03-19 01:47:35,891 WARN 37189 [ClusterClient:Watcher] follower closed, and try to init it again
2019-03-19 01:53:23,941 WARN 37189 [ClusterClient:Watcher] follower closed, and try to init it again
2019-03-19 01:58:46,907 WARN 37189 [ClusterClient:Watcher] follower closed, and try to init it again
2019-03-19 02:10:12,873 WARN 37189 [ClusterClient:Watcher] follower closed, and try to init it again
2019-03-19 02:15:35,807 WARN 37189 [ClusterClient:Watcher] follower closed, and try to init it again
2019-03-19 04:16:34,653 WARN 37189 [ClusterClient:Watcher] follower closed, and try to init it again
2019-03-19 04:22:17,657 WARN 37189 [ClusterClient:Watcher] follower closed, and try to init it again
2019-03-19 04:27:41,116 WARN 37189 [TCPBase] socket is closed by other side while there were still unhandled data in the socket buffer
2019-03-19 04:27:41,117 WARN 37189 [ClusterClient:Watcher] follower closed, and try to init it again
2019-03-19 04:33:24,081 WARN 37189 [ClusterClient:Watcher] follower closed, and try to init it again
2019-03-19 04:39:07,055 WARN 37189 [ClusterClient:Watcher] follower closed, and try to init it again
2019-03-19 04:44:50,023 WARN 37189 [ClusterClient:Watcher] follower closed, and try to init it again
2019-03-19 04:50:12,969 WARN 37189 [ClusterClient:Watcher] follower closed, and try to init it again
2019-03-19 06:51:11,876 WARN 37189 [ClusterClient:Watcher] follower closed, and try to init it again
2019-03-19 06:56:54,870 WARN 37189 [ClusterClient:Watcher] follower closed, and try to init it again
2019-03-19 07:02:17,820 WARN 37189 [TCPBase] socket is closed by other side while there were still unhandled data in the socket buffer
2019-03-19 07:02:17,820 WARN 37189 [ClusterClient:Watcher] follower closed, and try to init it again
2019-03-19 07:08:00,783 WARN 37189 [ClusterClient:Watcher] follower closed, and try to init it again
2019-03-19 07:19:07,252 WARN 37189 [TCPBase] socket is closed by other side while there were still unhandled data in the socket buffer
2019-03-19 07:19:07,253 WARN 37189 [ClusterClient:Watcher] follower closed, and try to init it again
2019-03-19 07:24:50,196 WARN 37189 [ClusterClient:Watcher] follower closed, and try to init it again
2019-03-19 09:25:49,148 WARN 37189 [ClusterClient:Watcher] follower closed, and try to init it again
2019-03-19 09:31:32,114 WARN 37189 [ClusterClient:Watcher] follower closed, and try to init it again
2019-03-19 09:36:55,057 WARN 37189 [ClusterClient:Watcher] follower closed, and try to init it again
2019-03-19 10:25:46,068 INFO 37630 [egg:logger] init all loggers with options: {"dir":"/Users/wangyi/node/yoo/wx/logs/cloud-server","encoding":"utf8","env":"local","level":"INFO","consoleLevel":"INFO","disableConsoleAfterReady":false,"outputJSON":false,"buffer":true,"appLogName":"cloud-server-web.log","coreLogName":"egg-web.log","agentLogName":"egg-agent.log","errorLogName":"common-error.log","coreLogger":{"consoleLevel":"WARN"},"allowDebugAtProd":false,"type":"application"}
2019-03-19 10:25:46,095 INFO 37630 [egg-multipart] stream mode enable
2019-03-19 10:25:46,630 INFO 37630 [egg-static] starting static serve /public/ -> /Users/wangyi/node/yoo/wx/upload
2019-03-19 10:25:46,631 INFO 37630 [egg-static] starting static serve /public/ -> /Users/wangyi/node/yoo/wx/app/public
2019-03-19 10:25:46,633 INFO 37630 [egg-security] use methodnoallow middleware
2019-03-19 10:25:46,634 INFO 37630 [egg-security] use noopen middleware
2019-03-19 10:25:46,634 INFO 37630 [egg-security] use nosniff middleware
2019-03-19 10:25:46,635 INFO 37630 [egg-security] use xssProtection middleware
2019-03-19 10:25:46,636 INFO 37630 [egg-security] use xframe middleware
2019-03-19 10:25:46,636 INFO 37630 [egg-security] use dta middleware
2019-03-19 10:25:46,636 INFO 37630 [egg-security] compose 6 middlewares into one security middleware
2019-03-19 10:25:46,699 INFO 37630 [egg:core] dump config after load, 5ms
2019-03-19 10:25:46,717 INFO 37630 [egg-watcher:application] watcher start success
2019-03-19 10:25:46,728 INFO 37630 [egg:core] dump config after ready, 5ms
2019-03-19 11:14:01,874 INFO 37801 [egg:logger] init all loggers with options: {"dir":"/Users/wangyi/node/yoo/wx/logs/cloud-server","encoding":"utf8","env":"local","level":"INFO","consoleLevel":"INFO","disableConsoleAfterReady":false,"outputJSON":false,"buffer":true,"appLogName":"cloud-server-web.log","coreLogName":"egg-web.log","agentLogName":"egg-agent.log","errorLogName":"common-error.log","coreLogger":{"consoleLevel":"WARN"},"allowDebugAtProd":false,"type":"application"}
2019-03-19 11:14:01,910 INFO 37801 [egg-multipart] stream mode enable
2019-03-19 11:14:02,575 INFO 37801 [egg-static] starting static serve /public/ -> /Users/wangyi/node/yoo/wx/upload
2019-03-19 11:14:02,576 INFO 37801 [egg-static] starting static serve /public/ -> /Users/wangyi/node/yoo/wx/app/public
2019-03-19 11:14:02,578 INFO 37801 [egg-security] use methodnoallow middleware
2019-03-19 11:14:02,579 INFO 37801 [egg-security] use noopen middleware
2019-03-19 11:14:02,580 INFO 37801 [egg-security] use nosniff middleware
2019-03-19 11:14:02,581 INFO 37801 [egg-security] use xssProtection middleware
2019-03-19 11:14:02,582 INFO 37801 [egg-security] use xframe middleware
2019-03-19 11:14:02,583 INFO 37801 [egg-security] use dta middleware
2019-03-19 11:14:02,583 INFO 37801 [egg-security] compose 6 middlewares into one security middleware
2019-03-19 11:14:02,682 INFO 37801 [egg:core] dump config after load, 7ms
2019-03-19 11:14:02,699 INFO 37801 [egg-watcher:application] watcher start success
2019-03-19 11:14:02,708 INFO 37801 [egg:core] dump config after ready, 5ms
2019-03-19 11:14:03,658 INFO 37801 [egg-view-nunjucks] loading templates from ["/Users/wangyi/node/yoo/wx/app/view"]
2019-03-19 11:14:21,054 INFO 37818 [egg:logger] init all loggers with options: {"dir":"/Users/wangyi/node/yoo/wx/logs/cloud-server","encoding":"utf8","env":"local","level":"INFO","consoleLevel":"INFO","disableConsoleAfterReady":false,"outputJSON":false,"buffer":true,"appLogName":"cloud-server-web.log","coreLogName":"egg-web.log","agentLogName":"egg-agent.log","errorLogName":"common-error.log","coreLogger":{"consoleLevel":"WARN"},"allowDebugAtProd":false,"type":"application"}
2019-03-19 11:14:21,090 INFO 37818 [egg-multipart] stream mode enable
2019-03-19 11:14:21,658 INFO 37818 [egg-static] starting static serve /public/ -> /Users/wangyi/node/yoo/wx/upload
2019-03-19 11:14:21,659 INFO 37818 [egg-static] starting static serve /public/ -> /Users/wangyi/node/yoo/wx/app/public
2019-03-19 11:14:21,661 INFO 37818 [egg-security] use methodnoallow middleware
2019-03-19 11:14:21,662 INFO 37818 [egg-security] use noopen middleware
2019-03-19 11:14:21,663 INFO 37818 [egg-security] use nosniff middleware
2019-03-19 11:14:21,664 INFO 37818 [egg-security] use xssProtection middleware
2019-03-19 11:14:21,664 INFO 37818 [egg-security] use xframe middleware
2019-03-19 11:14:21,665 INFO 37818 [egg-security] use dta middleware
2019-03-19 11:14:21,665 INFO 37818 [egg-security] compose 6 middlewares into one security middleware
2019-03-19 11:14:21,740 INFO 37818 [egg:core] dump config after load, 6ms
2019-03-19 11:14:21,759 INFO 37818 [egg-watcher:application] watcher start success
2019-03-19 11:14:21,767 INFO 37818 [egg:core] dump config after ready, 5ms
2019-03-19 11:15:20,048 INFO 37832 [egg:logger] init all loggers with options: {"dir":"/Users/wangyi/node/yoo/wx/logs/cloud-server","encoding":"utf8","env":"local","level":"INFO","consoleLevel":"INFO","disableConsoleAfterReady":false,"outputJSON":false,"buffer":true,"appLogName":"cloud-server-web.log","coreLogName":"egg-web.log","agentLogName":"egg-agent.log","errorLogName":"common-error.log","coreLogger":{"consoleLevel":"WARN"},"allowDebugAtProd":false,"type":"application"}
2019-03-19 11:15:20,085 INFO 37832 [egg-multipart] stream mode enable
2019-03-19 11:15:20,668 INFO 37832 [egg-static] starting static serve /public/ -> /Users/wangyi/node/yoo/wx/upload
2019-03-19 11:15:20,668 INFO 37832 [egg-static] starting static serve /public/ -> /Users/wangyi/node/yoo/wx/app/public
2019-03-19 11:15:20,670 INFO 37832 [egg-security] use methodnoallow middleware
2019-03-19 11:15:20,670 INFO 37832 [egg-security] use noopen middleware
2019-03-19 11:15:20,671 INFO 37832 [egg-security] use nosniff middleware
2019-03-19 11:15:20,672 INFO 37832 [egg-security] use xssProtection middleware
2019-03-19 11:15:20,672 INFO 37832 [egg-security] use xframe middleware
2019-03-19 11:15:20,673 INFO 37832 [egg-security] use dta middleware
2019-03-19 11:15:20,673 INFO 37832 [egg-security] compose 6 middlewares into one security middleware
2019-03-19 11:15:20,733 INFO 37832 [egg:core] dump config after load, 5ms
2019-03-19 11:15:20,749 INFO 37832 [egg-watcher:application] watcher start success
2019-03-19 11:15:20,755 INFO 37832 [egg:core] dump config after ready, 4ms
2019-03-19 11:15:40,221 INFO 37846 [egg:logger] init all loggers with options: {"dir":"/Users/wangyi/node/yoo/wx/logs/cloud-server","encoding":"utf8","env":"local","level":"INFO","consoleLevel":"INFO","disableConsoleAfterReady":false,"outputJSON":false,"buffer":true,"appLogName":"cloud-server-web.log","coreLogName":"egg-web.log","agentLogName":"egg-agent.log","errorLogName":"common-error.log","coreLogger":{"consoleLevel":"WARN"},"allowDebugAtProd":false,"type":"application"}
2019-03-19 11:15:40,251 INFO 37846 [egg-multipart] stream mode enable
2019-03-19 11:15:40,499 INFO 37846 [egg-static] starting static serve /public/ -> /Users/wangyi/node/yoo/wx/upload
2019-03-19 11:15:40,500 INFO 37846 [egg-static] starting static serve /public/ -> /Users/wangyi/node/yoo/wx/app/public
2019-03-19 11:15:40,501 INFO 37846 [egg-security] use methodnoallow middleware
2019-03-19 11:15:40,501 INFO 37846 [egg-security] use noopen middleware
2019-03-19 11:15:40,501 INFO 37846 [egg-security] use nosniff middleware
2019-03-19 11:15:40,502 INFO 37846 [egg-security] use xssProtection middleware
2019-03-19 11:15:40,502 INFO 37846 [egg-security] use xframe middleware
2019-03-19 11:15:40,502 INFO 37846 [egg-security] use dta middleware
2019-03-19 11:15:40,502 INFO 37846 [egg-security] compose 6 middlewares into one security middleware
2019-03-19 11:15:40,536 INFO 37846 [egg:core] dump config after load, 5ms
2019-03-19 11:15:40,552 INFO 37846 [egg-watcher:application] watcher start success
2019-03-19 11:15:40,561 INFO 37846 [egg:core] dump config after ready, 4ms
2019-03-19 11:16:32,279 INFO 37846 [egg-view-nunjucks] loading templates from ["/Users/wangyi/node/yoo/wx/app/view"]
2019-03-19 11:16:41,527 INFO 37861 [egg:logger] init all loggers with options: {"dir":"/Users/wangyi/node/yoo/wx/logs/cloud-server","encoding":"utf8","env":"local","level":"INFO","consoleLevel":"INFO","disableConsoleAfterReady":false,"outputJSON":false,"buffer":true,"appLogName":"cloud-server-web.log","coreLogName":"egg-web.log","agentLogName":"egg-agent.log","errorLogName":"common-error.log","coreLogger":{"consoleLevel":"WARN"},"allowDebugAtProd":false,"type":"application"}
2019-03-19 11:16:41,563 INFO 37861 [egg-multipart] stream mode enable
2019-03-19 11:16:42,158 INFO 37861 [egg-static] starting static serve /public/ -> /Users/wangyi/node/yoo/wx/upload
2019-03-19 11:16:42,158 INFO 37861 [egg-static] starting static serve /public/ -> /Users/wangyi/node/yoo/wx/app/public
2019-03-19 11:16:42,161 INFO 37861 [egg-security] use methodnoallow middleware
2019-03-19 11:16:42,161 INFO 37861 [egg-security] use noopen middleware
2019-03-19 11:16:42,162 INFO 37861 [egg-security] use nosniff middleware
2019-03-19 11:16:42,163 INFO 37861 [egg-security] use xssProtection middleware
2019-03-19 11:16:42,164 INFO 37861 [egg-security] use xframe middleware
2019-03-19 11:16:42,164 INFO 37861 [egg-security] use dta middleware
2019-03-19 11:16:42,164 INFO 37861 [egg-security] compose 6 middlewares into one security middleware
2019-03-19 11:16:42,256 INFO 37861 [egg:core] dump config after load, 6ms
2019-03-19 11:16:42,275 INFO 37861 [egg-watcher:application] watcher start success
2019-03-19 11:16:42,283 INFO 37861 [egg:core] dump config after ready, 6ms
2019-03-19 11:17:10,963 INFO 37876 [egg:logger] init all loggers with options: {"dir":"/Users/wangyi/node/yoo/wx/logs/cloud-server","encoding":"utf8","env":"local","level":"INFO","consoleLevel":"INFO","disableConsoleAfterReady":false,"outputJSON":false,"buffer":true,"appLogName":"cloud-server-web.log","coreLogName":"egg-web.log","agentLogName":"egg-agent.log","errorLogName":"common-error.log","coreLogger":{"consoleLevel":"WARN"},"allowDebugAtProd":false,"type":"application"}
2019-03-19 11:17:10,997 INFO 37876 [egg-multipart] stream mode enable
2019-03-19 11:17:11,280 INFO 37876 [egg-static] starting static serve /public/ -> /Users/wangyi/node/yoo/wx/upload
2019-03-19 11:17:11,281 INFO 37876 [egg-static] starting static serve /public/ -> /Users/wangyi/node/yoo/wx/app/public
2019-03-19 11:17:11,282 INFO 37876 [egg-security] use methodnoallow middleware
2019-03-19 11:17:11,283 INFO 37876 [egg-security] use noopen middleware
2019-03-19 11:17:11,283 INFO 37876 [egg-security] use nosniff middleware
2019-03-19 11:17:11,283 INFO 37876 [egg-security] use xssProtection middleware
2019-03-19 11:17:11,283 INFO 37876 [egg-security] use xframe middleware
2019-03-19 11:17:11,284 INFO 37876 [egg-security] use dta middleware
2019-03-19 11:17:11,284 INFO 37876 [egg-security] compose 6 middlewares into one security middleware
2019-03-19 11:17:11,322 INFO 37876 [egg:core] dump config after load, 5ms
2019-03-19 11:17:11,339 INFO 37876 [egg-watcher:application] watcher start success
2019-03-19 11:17:11,349 INFO 37876 [egg:core] dump config after ready, 5ms
2019-03-19 11:17:28,631 INFO 37890 [egg:logger] init all loggers with options: {"dir":"/Users/wangyi/node/yoo/wx/logs/cloud-server","encoding":"utf8","env":"local","level":"INFO","consoleLevel":"INFO","disableConsoleAfterReady":false,"outputJSON":false,"buffer":true,"appLogName":"cloud-server-web.log","coreLogName":"egg-web.log","agentLogName":"egg-agent.log","errorLogName":"common-error.log","coreLogger":{"consoleLevel":"WARN"},"allowDebugAtProd":false,"type":"application"}
2019-03-19 11:17:28,660 INFO 37890 [egg-multipart] stream mode enable
2019-03-19 11:17:28,986 INFO 37890 [egg-static] starting static serve /public/ -> /Users/wangyi/node/yoo/wx/upload
2019-03-19 11:17:28,987 INFO 37890 [egg-static] starting static serve /public/ -> /Users/wangyi/node/yoo/wx/app/public
2019-03-19 11:17:28,990 INFO 37890 [egg-security] use methodnoallow middleware
2019-03-19 11:17:28,990 INFO 37890 [egg-security] use noopen middleware
2019-03-19 11:17:28,991 INFO 37890 [egg-security] use nosniff middleware
2019-03-19 11:17:28,992 INFO 37890 [egg-security] use xssProtection middleware
2019-03-19 11:17:28,992 INFO 37890 [egg-security] use xframe middleware
2019-03-19 11:17:28,993 INFO 37890 [egg-security] use dta middleware
2019-03-19 11:17:28,993 INFO 37890 [egg-security] compose 6 middlewares into one security middleware
2019-03-19 11:17:29,067 INFO 37890 [egg:core] dump config after load, 6ms
2019-03-19 11:17:29,089 INFO 37890 [egg-watcher:application] watcher start success
2019-03-19 11:17:29,100 INFO 37890 [egg:core] dump config after ready, 5ms
2019-03-19 11:18:01,228 INFO 37907 [egg:logger] init all loggers with options: {"dir":"/Users/wangyi/node/yoo/wx/logs/cloud-server","encoding":"utf8","env":"local","level":"INFO","consoleLevel":"INFO","disableConsoleAfterReady":false,"outputJSON":false,"buffer":true,"appLogName":"cloud-server-web.log","coreLogName":"egg-web.log","agentLogName":"egg-agent.log","errorLogName":"common-error.log","coreLogger":{"consoleLevel":"WARN"},"allowDebugAtProd":false,"type":"application"}
2019-03-19 11:18:01,257 INFO 37907 [egg-multipart] stream mode enable
2019-03-19 11:18:01,550 INFO 37907 [egg-static] starting static serve /public/ -> /Users/wangyi/node/yoo/wx/upload
2019-03-19 11:18:01,551 INFO 37907 [egg-static] starting static serve /public/ -> /Users/wangyi/node/yoo/wx/app/public
2019-03-19 11:18:01,553 INFO 37907 [egg-security] use methodnoallow middleware
2019-03-19 11:18:01,554 INFO 37907 [egg-security] use noopen middleware
2019-03-19 11:18:01,555 INFO 37907 [egg-security] use nosniff middleware
2019-03-19 11:18:01,556 INFO 37907 [egg-security] use xssProtection middleware
2019-03-19 11:18:01,557 INFO 37907 [egg-security] use xframe middleware
2019-03-19 11:18:01,558 INFO 37907 [egg-security] use dta middleware
2019-03-19 11:18:01,558 INFO 37907 [egg-security] compose 6 middlewares into one security middleware
2019-03-19 11:18:01,632 INFO 37907 [egg:core] dump config after load, 5ms
2019-03-19 11:18:01,652 INFO 37907 [egg-watcher:application] watcher start success
2019-03-19 11:18:01,663 INFO 37907 [egg:core] dump config after ready, 4ms
2019-03-19 11:25:03,877 INFO 37930 [egg:logger] init all loggers with options: {"dir":"/Users/wangyi/node/yoo/wx/logs/cloud-server","encoding":"utf8","env":"local","level":"INFO","consoleLevel":"INFO","disableConsoleAfterReady":false,"outputJSON":false,"buffer":true,"appLogName":"cloud-server-web.log","coreLogName":"egg-web.log","agentLogName":"egg-agent.log","errorLogName":"common-error.log","coreLogger":{"consoleLevel":"WARN"},"allowDebugAtProd":false,"type":"application"}
2019-03-19 11:25:03,912 INFO 37930 [egg-multipart] stream mode enable
2019-03-19 11:25:04,564 INFO 37930 [egg-static] starting static serve /public/ -> /Users/wangyi/node/yoo/wx/upload
2019-03-19 11:25:04,564 INFO 37930 [egg-static] starting static serve /public/ -> /Users/wangyi/node/yoo/wx/app/public
2019-03-19 11:25:04,566 INFO 37930 [egg-security] use methodnoallow middleware
2019-03-19 11:25:04,566 INFO 37930 [egg-security] use noopen middleware
2019-03-19 11:25:04,567 INFO 37930 [egg-security] use nosniff middleware
2019-03-19 11:25:04,568 INFO 37930 [egg-security] use xssProtection middleware
2019-03-19 11:25:04,569 INFO 37930 [egg-security] use xframe middleware
2019-03-19 11:25:04,569 INFO 37930 [egg-security] use dta middleware
2019-03-19 11:25:04,569 INFO 37930 [egg-security] compose 6 middlewares into one security middleware
2019-03-19 11:25:04,640 INFO 37930 [egg:core] dump config after load, 5ms
2019-03-19 11:25:04,661 INFO 37930 [egg-watcher:application] watcher start success
2019-03-19 11:25:04,669 INFO 37930 [egg:core] dump config after ready, 5ms
2019-03-19 11:25:21,972 INFO 37946 [egg:logger] init all loggers with options: {"dir":"/Users/wangyi/node/yoo/wx/logs/cloud-server","encoding":"utf8","env":"local","level":"INFO","consoleLevel":"INFO","disableConsoleAfterReady":false,"outputJSON":false,"buffer":true,"appLogName":"cloud-server-web.log","coreLogName":"egg-web.log","agentLogName":"egg-agent.log","errorLogName":"common-error.log","coreLogger":{"consoleLevel":"WARN"},"allowDebugAtProd":false,"type":"application"}
2019-03-19 11:25:22,008 INFO 37946 [egg-multipart] stream mode enable
2019-03-19 11:25:22,295 INFO 37946 [egg-static] starting static serve /public/ -> /Users/wangyi/node/yoo/wx/upload
2019-03-19 11:25:22,295 INFO 37946 [egg-static] starting static serve /public/ -> /Users/wangyi/node/yoo/wx/app/public
2019-03-19 11:25:22,296 INFO 37946 [egg-security] use methodnoallow middleware
2019-03-19 11:25:22,297 INFO 37946 [egg-security] use noopen middleware
2019-03-19 11:25:22,297 INFO 37946 [egg-security] use nosniff middleware
2019-03-19 11:25:22,297 INFO 37946 [egg-security] use xssProtection middleware
2019-03-19 11:25:22,297 INFO 37946 [egg-security] use xframe middleware
2019-03-19 11:25:22,298 INFO 37946 [egg-security] use dta middleware
2019-03-19 11:25:22,298 INFO 37946 [egg-security] compose 6 middlewares into one security middleware
2019-03-19 11:25:22,339 INFO 37946 [egg:core] dump config after load, 4ms
2019-03-19 11:25:22,355 INFO 37946 [egg-watcher:application] watcher start success
2019-03-19 11:25:22,363 INFO 37946 [egg:core] dump config after ready, 6ms
2019-03-19 11:38:51,816 INFO 38008 [egg:logger] init all loggers with options: {"dir":"/Users/wangyi/node/yoo/wx/logs/cloud-server","encoding":"utf8","env":"local","level":"INFO","consoleLevel":"INFO","disableConsoleAfterReady":false,"outputJSON":false,"buffer":true,"appLogName":"cloud-server-web.log","coreLogName":"egg-web.log","agentLogName":"egg-agent.log","errorLogName":"common-error.log","coreLogger":{"consoleLevel":"WARN"},"allowDebugAtProd":false,"type":"application"}
2019-03-19 11:38:51,853 INFO 38008 [egg-multipart] stream mode enable
2019-03-19 11:38:52,467 INFO 38008 [egg-static] starting static serve /public/ -> /Users/wangyi/node/yoo/wx/upload
2019-03-19 11:38:52,468 INFO 38008 [egg-static] starting static serve /public/ -> /Users/wangyi/node/yoo/wx/app/public
2019-03-19 11:38:52,469 INFO 38008 [egg-security] use methodnoallow middleware
2019-03-19 11:38:52,470 INFO 38008 [egg-security] use noopen middleware
2019-03-19 11:38:52,471 INFO 38008 [egg-security] use nosniff middleware
2019-03-19 11:38:52,472 INFO 38008 [egg-security] use xssProtection middleware
2019-03-19 11:38:52,473 INFO 38008 [egg-security] use xframe middleware
2019-03-19 11:38:52,474 INFO 38008 [egg-security] use dta middleware
2019-03-19 11:38:52,474 INFO 38008 [egg-security] compose 6 middlewares into one security middleware
2019-03-19 11:38:52,549 INFO 38008 [egg:core] dump config after load, 4ms
2019-03-19 11:38:52,566 INFO 38008 [egg-watcher:application] watcher start success
2019-03-19 11:38:52,572 INFO 38008 [egg:core] dump config after ready, 4ms
2019-03-19 11:39:25,895 INFO 38022 [egg:logger] init all loggers with options: {"dir":"/Users/wangyi/node/yoo/wx/logs/cloud-server","encoding":"utf8","env":"local","level":"INFO","consoleLevel":"INFO","disableConsoleAfterReady":false,"outputJSON":false,"buffer":true,"appLogName":"cloud-server-web.log","coreLogName":"egg-web.log","agentLogName":"egg-agent.log","errorLogName":"common-error.log","coreLogger":{"consoleLevel":"WARN"},"allowDebugAtProd":false,"type":"application"}
2019-03-19 11:39:25,932 INFO 38022 [egg-multipart] stream mode enable
2019-03-19 11:39:26,505 INFO 38022 [egg-static] starting static serve /public/ -> /Users/wangyi/node/yoo/wx/upload
2019-03-19 11:39:26,506 INFO 38022 [egg-static] starting static serve /public/ -> /Users/wangyi/node/yoo/wx/app/public
2019-03-19 11:39:26,508 INFO 38022 [egg-security] use methodnoallow middleware
2019-03-19 11:39:26,509 INFO 38022 [egg-security] use noopen middleware
2019-03-19 11:39:26,509 INFO 38022 [egg-security] use nosniff middleware
2019-03-19 11:39:26,510 INFO 38022 [egg-security] use xssProtection middleware
2019-03-19 11:39:26,511 INFO 38022 [egg-security] use xframe middleware
2019-03-19 11:39:26,511 INFO 38022 [egg-security] use dta middleware
2019-03-19 11:39:26,511 INFO 38022 [egg-security] compose 6 middlewares into one security middleware
2019-03-19 11:39:26,587 INFO 38022 [egg:core] dump config after load, 6ms
2019-03-19 11:39:26,609 INFO 38022 [egg-watcher:application] watcher start success
2019-03-19 11:39:26,615 INFO 38022 [egg:core] dump config after ready, 4ms
2019-03-19 21:01:28,697 WARN 38022 [ClusterClient:Watcher] follower closed, and try to init it again
2019-03-20 00:56:48,318 WARN 38022 [TCPBase] socket is closed by other side while there were still unhandled data in the socket buffer
2019-03-20 00:56:48,329 WARN 38022 [ClusterClient:Watcher] follower closed, and try to init it again
2019-03-20 02:57:07,912 WARN 38022 [TCPBase] socket is closed by other side while there were still unhandled data in the socket buffer
2019-03-20 02:57:07,920 WARN 38022 [ClusterClient:Watcher] follower closed, and try to init it again
2019-03-20 04:57:28,595 WARN 38022 [ClusterClient:Watcher] follower closed, and try to init it again
2019-03-20 06:57:49,249 WARN 38022 [ClusterClient:Watcher] follower closed, and try to init it again
2019-03-20 08:30:10,868 WARN 38022 [ClusterClient:Watcher] follower closed, and try to init it again
2019-03-20 09:40:46,071 WARN 38022 [ClusterClient:Watcher] follower closed, and try to init it again
2019-03-20 11:52:23,701 INFO 39568 [egg:logger] init all loggers with options: {"dir":"/Users/wangyi/node/yoo/wx/logs/cloud-server","encoding":"utf8","env":"local","level":"INFO","consoleLevel":"INFO","disableConsoleAfterReady":false,"outputJSON":false,"buffer":true,"appLogName":"cloud-server-web.log","coreLogName":"egg-web.log","agentLogName":"egg-agent.log","errorLogName":"common-error.log","coreLogger":{"consoleLevel":"WARN"},"allowDebugAtProd":false,"type":"application"}
2019-03-20 11:52:23,728 INFO 39568 [egg-multipart] stream mode enable
2019-03-20 11:52:24,042 INFO 39568 [egg-static] starting static serve /public/ -> /Users/wangyi/node/yoo/wx/upload
2019-03-20 11:52:24,043 INFO 39568 [egg-static] starting static serve /public/ -> /Users/wangyi/node/yoo/wx/app/public
2019-03-20 11:52:24,045 INFO 39568 [egg-security] use methodnoallow middleware
2019-03-20 11:52:24,045 INFO 39568 [egg-security] use noopen middleware
2019-03-20 11:52:24,046 INFO 39568 [egg-security] use nosniff middleware
2019-03-20 11:52:24,047 INFO 39568 [egg-security] use xssProtection middleware
2019-03-20 11:52:24,048 INFO 39568 [egg-security] use xframe middleware
2019-03-20 11:52:24,048 INFO 39568 [egg-security] use dta middleware
2019-03-20 11:52:24,048 INFO 39568 [egg-security] compose 6 middlewares into one security middleware
2019-03-20 11:52:24,131 INFO 39568 [egg:core] dump config after load, 6ms
2019-03-20 11:52:24,152 INFO 39568 [egg-watcher:application] watcher start success
2019-03-20 11:52:24,164 INFO 39568 [egg:core] dump config after ready, 5ms
2019-03-20 11:52:32,843 INFO 39568 [egg-view-nunjucks] loading templates from ["/Users/wangyi/node/yoo/wx/app/view"]
2019-03-20 11:53:58,258 INFO 39596 [egg:logger] init all loggers with options: {"dir":"/Users/wangyi/node/yoo/wx/logs/cloud-server","encoding":"utf8","env":"local","level":"INFO","consoleLevel":"INFO","disableConsoleAfterReady":false,"outputJSON":false,"buffer":true,"appLogName":"cloud-server-web.log","coreLogName":"egg-web.log","agentLogName":"egg-agent.log","errorLogName":"common-error.log","coreLogger":{"consoleLevel":"WARN"},"allowDebugAtProd":false,"type":"application"}
2019-03-20 11:53:58,299 INFO 39596 [egg-multipart] stream mode enable
2019-03-20 11:53:58,900 INFO 39596 [egg-static] starting static serve /public/ -> /Users/wangyi/node/yoo/wx/upload
2019-03-20 11:53:58,901 INFO 39596 [egg-static] starting static serve /public/ -> /Users/wangyi/node/yoo/wx/app/public
2019-03-20 11:53:58,903 INFO 39596 [egg-security] use methodnoallow middleware
2019-03-20 11:53:58,904 INFO 39596 [egg-security] use noopen middleware
2019-03-20 11:53:58,905 INFO 39596 [egg-security] use nosniff middleware
2019-03-20 11:53:58,905 INFO 39596 [egg-security] use xssProtection middleware
2019-03-20 11:53:58,906 INFO 39596 [egg-security] use xframe middleware
2019-03-20 11:53:58,907 INFO 39596 [egg-security] use dta middleware
2019-03-20 11:53:58,907 INFO 39596 [egg-security] compose 6 middlewares into one security middleware
2019-03-20 11:53:58,977 INFO 39596 [egg:core] dump config after load, 6ms
2019-03-20 11:53:58,997 INFO 39596 [egg-watcher:application] watcher start success
2019-03-20 11:53:59,005 INFO 39596 [egg:core] dump config after ready, 6ms
2019-03-20 11:54:21,557 INFO 39608 [egg:logger] init all loggers with options: {"dir":"/Users/wangyi/node/yoo/wx/logs/cloud-server","encoding":"utf8","env":"local","level":"INFO","consoleLevel":"INFO","disableConsoleAfterReady":false,"outputJSON":false,"buffer":true,"appLogName":"cloud-server-web.log","coreLogName":"egg-web.log","agentLogName":"egg-agent.log","errorLogName":"common-error.log","coreLogger":{"consoleLevel":"WARN"},"allowDebugAtProd":false,"type":"application"}
2019-03-20 11:54:21,586 INFO 39608 [egg-multipart] stream mode enable
2019-03-20 11:54:21,860 INFO 39608 [egg-static] starting static serve /public/ -> /Users/wangyi/node/yoo/wx/upload
2019-03-20 11:54:21,861 INFO 39608 [egg-static] starting static serve /public/ -> /Users/wangyi/node/yoo/wx/app/public
2019-03-20 11:54:21,862 INFO 39608 [egg-security] use methodnoallow middleware
2019-03-20 11:54:21,862 INFO 39608 [egg-security] use noopen middleware
2019-03-20 11:54:21,863 INFO 39608 [egg-security] use nosniff middleware
2019-03-20 11:54:21,863 INFO 39608 [egg-security] use xssProtection middleware
2019-03-20 11:54:21,863 INFO 39608 [egg-security] use xframe middleware
2019-03-20 11:54:21,863 INFO 39608 [egg-security] use dta middleware
2019-03-20 11:54:21,863 INFO 39608 [egg-security] compose 6 middlewares into one security middleware
2019-03-20 11:54:21,901 INFO 39608 [egg:core] dump config after load, 4ms
2019-03-20 11:54:21,916 INFO 39608 [egg-watcher:application] watcher start success
2019-03-20 11:54:21,923 INFO 39608 [egg:core] dump config after ready, 5ms
2019-03-20 11:55:01,693 INFO 39625 [egg:logger] init all loggers with options: {"dir":"/Users/wangyi/node/yoo/wx/logs/cloud-server","encoding":"utf8","env":"local","level":"INFO","consoleLevel":"INFO","disableConsoleAfterReady":false,"outputJSON":false,"buffer":true,"appLogName":"cloud-server-web.log","coreLogName":"egg-web.log","agentLogName":"egg-agent.log","errorLogName":"common-error.log","coreLogger":{"consoleLevel":"WARN"},"allowDebugAtProd":false,"type":"application"}
2019-03-20 11:55:01,734 INFO 39625 [egg-multipart] stream mode enable
2019-03-20 11:55:02,051 INFO 39625 [egg-static] starting static serve /public/ -> /Users/wangyi/node/yoo/wx/upload
2019-03-20 11:55:02,052 INFO 39625 [egg-static] starting static serve /public/ -> /Users/wangyi/node/yoo/wx/app/public
2019-03-20 11:55:02,053 INFO 39625 [egg-security] use methodnoallow middleware
2019-03-20 11:55:02,055 INFO 39625 [egg-security] use noopen middleware
2019-03-20 11:55:02,056 INFO 39625 [egg-security] use nosniff middleware
2019-03-20 11:55:02,056 INFO 39625 [egg-security] use xssProtection middleware
2019-03-20 11:55:02,056 INFO 39625 [egg-security] use xframe middleware
2019-03-20 11:55:02,057 INFO 39625 [egg-security] use dta middleware
2019-03-20 11:55:02,057 INFO 39625 [egg-security] compose 6 middlewares into one security middleware
2019-03-20 11:55:02,093 INFO 39625 [egg:core] dump config after load, 4ms
2019-03-20 11:55:02,108 INFO 39625 [egg-watcher:application] watcher start success
2019-03-20 11:55:02,116 INFO 39625 [egg:core] dump config after ready, 5ms
2019-03-20 11:55:17,317 INFO 39642 [egg:logger] init all loggers with options: {"dir":"/Users/wangyi/node/yoo/wx/logs/cloud-server","encoding":"utf8","env":"local","level":"INFO","consoleLevel":"INFO","disableConsoleAfterReady":false,"outputJSON":false,"buffer":true,"appLogName":"cloud-server-web.log","coreLogName":"egg-web.log","agentLogName":"egg-agent.log","errorLogName":"common-error.log","coreLogger":{"consoleLevel":"WARN"},"allowDebugAtProd":false,"type":"application"}
2019-03-20 11:55:17,345 INFO 39642 [egg-multipart] stream mode enable
2019-03-20 11:55:17,639 INFO 39642 [egg-static] starting static serve /public/ -> /Users/wangyi/node/yoo/wx/upload
2019-03-20 11:55:17,639 INFO 39642 [egg-static] starting static serve /public/ -> /Users/wangyi/node/yoo/wx/app/public
2019-03-20 11:55:17,640 INFO 39642 [egg-security] use methodnoallow middleware
2019-03-20 11:55:17,641 INFO 39642 [egg-security] use noopen middleware
2019-03-20 11:55:17,641 INFO 39642 [egg-security] use nosniff middleware
2019-03-20 11:55:17,641 INFO 39642 [egg-security] use xssProtection middleware
2019-03-20 11:55:17,641 INFO 39642 [egg-security] use xframe middleware
2019-03-20 11:55:17,642 INFO 39642 [egg-security] use dta middleware
2019-03-20 11:55:17,642 INFO 39642 [egg-security] compose 6 middlewares into one security middleware
2019-03-20 11:55:17,678 INFO 39642 [egg:core] dump config after load, 4ms
2019-03-20 11:55:17,695 INFO 39642 [egg-watcher:application] watcher start success
2019-03-20 11:55:17,705 INFO 39642 [egg:core] dump config after ready, 8ms
2019-03-20 11:55:50,991 INFO 39642 [egg-view-nunjucks] loading templates from ["/Users/wangyi/node/yoo/wx/app/view"]
2019-03-20 11:57:03,393 INFO 39658 [egg:logger] init all loggers with options: {"dir":"/Users/wangyi/node/yoo/wx/logs/cloud-server","encoding":"utf8","env":"local","level":"INFO","consoleLevel":"INFO","disableConsoleAfterReady":false,"outputJSON":false,"buffer":true,"appLogName":"cloud-server-web.log","coreLogName":"egg-web.log","agentLogName":"egg-agent.log","errorLogName":"common-error.log","coreLogger":{"consoleLevel":"WARN"},"allowDebugAtProd":false,"type":"application"}
2019-03-20 11:57:03,429 INFO 39658 [egg-multipart] stream mode enable
2019-03-20 11:57:04,003 INFO 39658 [egg-static] starting static serve /public/ -> /Users/wangyi/node/yoo/wx/upload
2019-03-20 11:57:04,004 INFO 39658 [egg-static] starting static serve /public/ -> /Users/wangyi/node/yoo/wx/app/public
2019-03-20 11:57:04,007 INFO 39658 [egg-security] use methodnoallow middleware
2019-03-20 11:57:04,008 INFO 39658 [egg-security] use noopen middleware
2019-03-20 11:57:04,009 INFO 39658 [egg-security] use nosniff middleware
2019-03-20 11:57:04,009 INFO 39658 [egg-security] use xssProtection middleware
2019-03-20 11:57:04,010 INFO 39658 [egg-security] use xframe middleware
2019-03-20 11:57:04,010 INFO 39658 [egg-security] use dta middleware
2019-03-20 11:57:04,010 INFO 39658 [egg-security] compose 6 middlewares into one security middleware
2019-03-20 11:57:04,083 INFO 39658 [egg:core] dump config after load, 4ms
2019-03-20 11:57:04,099 INFO 39658 [egg-watcher:application] watcher start success
2019-03-20 11:57:04,105 INFO 39658 [egg:core] dump config after ready, 4ms
2019-03-20 11:58:02,806 INFO 39672 [egg:logger] init all loggers with options: {"dir":"/Users/wangyi/node/yoo/wx/logs/cloud-server","encoding":"utf8","env":"local","level":"INFO","consoleLevel":"INFO","disableConsoleAfterReady":false,"outputJSON":false,"buffer":true,"appLogName":"cloud-server-web.log","coreLogName":"egg-web.log","agentLogName":"egg-agent.log","errorLogName":"common-error.log","coreLogger":{"consoleLevel":"WARN"},"allowDebugAtProd":false,"type":"application"}
2019-03-20 11:58:02,846 INFO 39672 [egg-multipart] stream mode enable
2019-03-20 11:58:03,409 INFO 39672 [egg-static] starting static serve /public/ -> /Users/wangyi/node/yoo/wx/upload
2019-03-20 11:58:03,409 INFO 39672 [egg-static] starting static serve /public/ -> /Users/wangyi/node/yoo/wx/app/public
2019-03-20 11:58:03,412 INFO 39672 [egg-security] use methodnoallow middleware
2019-03-20 11:58:03,413 INFO 39672 [egg-security] use noopen middleware
2019-03-20 11:58:03,413 INFO 39672 [egg-security] use nosniff middleware
2019-03-20 11:58:03,414 INFO 39672 [egg-security] use xssProtection middleware
2019-03-20 11:58:03,414 INFO 39672 [egg-security] use xframe middleware
2019-03-20 11:58:03,415 INFO 39672 [egg-security] use dta middleware
2019-03-20 11:58:03,415 INFO 39672 [egg-security] compose 6 middlewares into one security middleware
2019-03-20 11:58:03,482 INFO 39672 [egg:core] dump config after load, 6ms
2019-03-20 11:58:03,502 INFO 39672 [egg-watcher:application] watcher start success
2019-03-20 11:58:03,511 INFO 39672 [egg:core] dump config after ready, 6ms
2019-03-25 19:55:33,275 INFO 48689 [egg:logger] init all loggers with options: {"dir":"/Users/wangyi/node/yoo/wx/logs/cloud-server","encoding":"utf8","env":"local","level":"INFO","consoleLevel":"INFO","disableConsoleAfterReady":false,"outputJSON":false,"buffer":true,"appLogName":"cloud-server-web.log","coreLogName":"egg-web.log","agentLogName":"egg-agent.log","errorLogName":"common-error.log","coreLogger":{"consoleLevel":"WARN"},"allowDebugAtProd":false,"type":"application"}
2019-03-25 19:55:33,312 INFO 48689 [egg-multipart] stream mode enable
2019-03-25 19:55:33,965 INFO 48689 [egg-static] starting static serve /public/ -> /Users/wangyi/node/yoo/wx/upload
2019-03-25 19:55:33,965 INFO 48689 [egg-static] starting static serve /public/ -> /Users/wangyi/node/yoo/wx/app/public
2019-03-25 19:55:33,968 INFO 48689 [egg-security] use methodnoallow middleware
2019-03-25 19:55:33,969 INFO 48689 [egg-security] use noopen middleware
2019-03-25 19:55:33,970 INFO 48689 [egg-security] use nosniff middleware
2019-03-25 19:55:33,970 INFO 48689 [egg-security] use xssProtection middleware
2019-03-25 19:55:33,971 INFO 48689 [egg-security] use xframe middleware
2019-03-25 19:55:33,972 INFO 48689 [egg-security] use dta middleware
2019-03-25 19:55:33,972 INFO 48689 [egg-security] compose 6 middlewares into one security middleware
2019-03-25 19:55:34,059 INFO 48689 [egg:core] dump config after load, 5ms
2019-03-25 19:55:34,077 INFO 48689 [egg-watcher:application] watcher start success
2019-03-25 19:55:34,084 INFO 48689 [egg:core] dump config after ready, 5ms
